[ 2013-12-08T15:44:16+08:00 ] 125.88.77.57 /index.php
INFO: [ app_begin ] --START--
INFO: Run ReadHtmlCache Behavior [ RunTime:0.001405s ]
INFO: [ app_begin ] --END-- [ RunTime:0.001588s ]
NOTIC: [2] Cannot use a scalar value as an array D:\wwwroot\weilgo7125\wwwroot\Lib\Core\Action.class.php 第 206 行.
INFO: [ view_template ] --START--
INFO: Run LocationTemplate Behavior [ RunTime:-0.012837s ]
INFO: [ view_template ] --END-- [ RunTime:0.001695s ]
INFO: [ view_parse ] --START--
NOTIC: [8] Use of undefined constant uid - assumed 'uid' D:\wwwroot\weilgo7125\wwwroot\data\Conf\logs\Cache\Home\6fec05cdeb567bdd6f06e8ce37bfd4e0.php 第 60 行.
NOTIC: [8] Undefined index:  uid D:\wwwroot\weilgo7125\wwwroot\data\Conf\logs\Cache\Home\6fec05cdeb567bdd6f06e8ce37bfd4e0.php 第 60 行.
INFO: Run ParseTemplate Behavior [ RunTime:-0.014640s ]
INFO: [ view_parse ] --END-- [ RunTime:0.039592s ]
INFO: [ view_filter ] --START--
INFO: Run ContentReplace Behavior [ RunTime:-0.054306s ]
INFO: Run TokenBuild Behavior [ RunTime:-0.055642s ]
INFO: Run WriteHtmlCache Behavior [ RunTime:-0.057236s ]
INFO: Run ShowRuntime Behavior [ RunTime:-0.058289s ]
INFO: [ view_filter ] --END-- [ RunTime:0.005367s ]
INFO: [ view_end ] --START--
INFO: Run ShowPageTrace Behavior [ RunTime:-0.059816s ]
INFO: [ view_end ] --END-- [ RunTime:0.001573s ]

[ 2013-12-08T15:48:59+08:00 ] ERR: (ThinkException) Table 'weilgo7125.tp_follow' doesn't exist
 [ SQL语句 ] : SHOW COLUMNS FROM `tp_follow`
[ 2013-12-08T15:48:59+08:00 ] 101.226.64.201 /index.php/api/bxutqr1386339662?signature=f217557bb8d4571ae049641554d4c9bf374b958f&timestamp=1386488955&nonce=1387150734
INFO: [ route_check ] --START--
INFO: Run CheckRoute Behavior [ RunTime:0.001863s ]
INFO: [ route_check ] --END-- [ RunTime:0.002034s ]
INFO: [ app_begin ] --START--
INFO: Run ReadHtmlCache Behavior [ RunTime:-0.001416s ]
INFO: [ app_begin ] --END-- [ RunTime:0.001392s ]
NOTIC: [2] Cannot use a scalar value as an array D:\wwwroot\weilgo7125\wwwroot\Lib\Core\Action.class.php 第 206 行.
SQL: SHOW COLUMNS FROM `tp_follow` [ RunTime:0.006201s ]
NOTIC: [8] Undefined index:  class D:\wwwroot\weilgo7125\wwwroot\Lib\Core\ThinkException.class.php 第 63 行.
NOTIC: [8] Undefined index:  type D:\wwwroot\weilgo7125\wwwroot\Lib\Core\ThinkException.class.php 第 63 行.
NOTIC: [8] Undefined index:  args D:\wwwroot\weilgo7125\wwwroot\Lib\Core\ThinkException.class.php 第 64 行.
NOTIC: [2] implode() [<a href='function.implode'>function.implode</a>]: Invalid arguments passed D:\wwwroot\weilgo7125\wwwroot\Lib\Core\ThinkException.class.php 第 64 行.
NOTIC: [8] Undefined index:  class D:\wwwroot\weilgo7125\wwwroot\Lib\Core\ThinkException.class.php 第 63 行.
NOTIC: [8] Undefined index:  type D:\wwwroot\weilgo7125\wwwroot\Lib\Core\ThinkException.class.php 第 63 行.
NOTIC: [8] Undefined index:  args D:\wwwroot\weilgo7125\wwwroot\Lib\Core\ThinkException.class.php 第 64 行.
NOTIC: [2] implode() [<a href='function.implode'>function.implode</a>]: Invalid arguments passed D:\wwwroot\weilgo7125\wwwroot\Lib\Core\ThinkException.class.php 第 64 行.
NOTIC: [8] Undefined index:  file D:\wwwroot\weilgo7125\wwwroot\Lib\Core\ThinkException.class.php 第 62 行.
NOTIC: [8] Undefined index:  line D:\wwwroot\weilgo7125\wwwroot\Lib\Core\ThinkException.class.php 第 62 行.
NOTIC: [8] Array to string conversion D:\wwwroot\weilgo7125\wwwroot\Lib\Core\ThinkException.class.php 第 64 行.
NOTIC: [4096] Object of class WeixinAction could not be converted to string D:\wwwroot\weilgo7125\wwwroot\Lib\Core\ThinkException.class.php 第 64 行.
NOTIC: [8] Undefined index:  class D:\wwwroot\weilgo7125\wwwroot\Lib\Core\ThinkException.class.php 第 63 行.
NOTIC: [8] Undefined index:  type D:\wwwroot\weilgo7125\wwwroot\Lib\Core\ThinkException.class.php 第 63 行.

[ 2013-12-08T15:51:30+08:00 ] 27.24.213.2 /index.php?g=Home&m=Index&a=help
INFO: [ app_begin ] --START--
INFO: Run ReadHtmlCache Behavior [ RunTime:0.001323s ]
INFO: [ app_begin ] --END-- [ RunTime:0.001486s ]
NOTIC: [2] Cannot use a scalar value as an array D:\wwwroot\weilgo7125\wwwroot\Lib\Core\Action.class.php 第 206 行.
INFO: [ view_template ] --START--
INFO: Run LocationTemplate Behavior [ RunTime:-0.005681s ]
INFO: [ view_template ] --END-- [ RunTime:0.001590s ]
INFO: [ view_parse ] --START--
NOTIC: [8] Use of undefined constant uid - assumed 'uid' D:\wwwroot\weilgo7125\wwwroot\data\Conf\logs\Cache\Home\ac7dcbce78569838c0e0004a41cffac4.php 第 39 行.
NOTIC: [8] Undefined index:  uid D:\wwwroot\weilgo7125\wwwroot\data\Conf\logs\Cache\Home\ac7dcbce78569838c0e0004a41cffac4.php 第 39 行.
NOTIC: [8] Undefined index:  token D:\wwwroot\weilgo7125\wwwroot\data\Conf\logs\Cache\Home\ac7dcbce78569838c0e0004a41cffac4.php 第 155 行.
NOTIC: [8] Undefined index:  token D:\wwwroot\weilgo7125\wwwroot\data\Conf\logs\Cache\Home\ac7dcbce78569838c0e0004a41cffac4.php 第 182 行.
NOTIC: [8] Undefined index:  token D:\wwwroot\weilgo7125\wwwroot\data\Conf\logs\Cache\Home\ac7dcbce78569838c0e0004a41cffac4.php 第 186 行.
INFO: Run ParseTemplate Behavior [ RunTime:-0.007376s ]
INFO: [ view_parse ] --END-- [ RunTime:0.022699s ]
INFO: [ view_filter ] --START--
INFO: Run ContentReplace Behavior [ RunTime:-0.030160s ]
INFO: Run TokenBuild Behavior [ RunTime:-0.031267s ]
INFO: Run WriteHtmlCache Behavior [ RunTime:-0.032484s ]
INFO: Run ShowRuntime Behavior [ RunTime:-0.033386s ]
INFO: [ view_filter ] --END-- [ RunTime:0.004730s ]
INFO: [ view_end ] --START--
INFO: Run ShowPageTrace Behavior [ RunTime:-0.035012s ]
INFO: [ view_end ] --END-- [ RunTime:0.001404s ]

[ 2013-12-08T15:51:47+08:00 ] 27.24.213.4 /index.php
INFO: [ app_begin ] --START--
INFO: Run ReadHtmlCache Behavior [ RunTime:0.001347s ]
INFO: [ app_begin ] --END-- [ RunTime:0.001518s ]
NOTIC: [2] Cannot use a scalar value as an array D:\wwwroot\weilgo7125\wwwroot\Lib\Core\Action.class.php 第 206 行.
INFO: [ view_template ] --START--
INFO: Run LocationTemplate Behavior [ RunTime:-0.005712s ]
INFO: [ view_template ] --END-- [ RunTime:0.001757s ]
INFO: [ view_parse ] --START--
NOTIC: [8] Use of undefined constant uid - assumed 'uid' D:\wwwroot\weilgo7125\wwwroot\data\Conf\logs\Cache\Home\6fec05cdeb567bdd6f06e8ce37bfd4e0.php 第 60 行.
NOTIC: [8] Undefined index:  uid D:\wwwroot\weilgo7125\wwwroot\data\Conf\logs\Cache\Home\6fec05cdeb567bdd6f06e8ce37bfd4e0.php 第 60 行.
INFO: Run ParseTemplate Behavior [ RunTime:-0.007554s ]
INFO: [ view_parse ] --END-- [ RunTime:0.031626s ]
INFO: [ view_filter ] --START--
INFO: Run ContentReplace Behavior [ RunTime:-0.039282s ]
INFO: Run TokenBuild Behavior [ RunTime:-0.040522s ]
INFO: Run WriteHtmlCache Behavior [ RunTime:-0.041835s ]
INFO: Run ShowRuntime Behavior [ RunTime:-0.042791s ]
INFO: [ view_filter ] --END-- [ RunTime:0.004902s ]
INFO: [ view_end ] --START--
INFO: Run ShowPageTrace Behavior [ RunTime:-0.044337s ]
INFO: [ view_end ] --END-- [ RunTime:0.001495s ]

[ 2013-12-08T15:52:13+08:00 ] 27.24.213.2 /index.php?g=Home&m=Index&a=fc
INFO: [ app_begin ] --START--
INFO: Run ReadHtmlCache Behavior [ RunTime:0.001465s ]
INFO: [ app_begin ] --END-- [ RunTime:0.001645s ]
NOTIC: [2] Cannot use a scalar value as an array D:\wwwroot\weilgo7125\wwwroot\Lib\Core\Action.class.php 第 206 行.
INFO: [ view_template ] --START--
INFO: Run LocationTemplate Behavior [ RunTime:-0.005794s ]
INFO: [ view_template ] --END-- [ RunTime:0.001546s ]
INFO: [ view_parse ] --START--
NOTIC: [8] Use of undefined constant uid - assumed 'uid' D:\wwwroot\weilgo7125\wwwroot\data\Conf\logs\Cache\Home\b719357359ce6769d919ad560d3bd861.php 第 60 行.
NOTIC: [8] Undefined index:  uid D:\wwwroot\weilgo7125\wwwroot\data\Conf\logs\Cache\Home\b719357359ce6769d919ad560d3bd861.php 第 60 行.
INFO: Run ParseTemplate Behavior [ RunTime:-0.007424s ]
INFO: [ view_parse ] --END-- [ RunTime:0.066851s ]
INFO: [ view_filter ] --START--
INFO: Run ContentReplace Behavior [ RunTime:-0.074581s ]
INFO: Run TokenBuild Behavior [ RunTime:-0.077135s ]
INFO: Run WriteHtmlCache Behavior [ RunTime:-0.078820s ]
INFO: Run ShowRuntime Behavior [ RunTime:-0.079771s ]
INFO: [ view_filter ] --END-- [ RunTime:0.006654s ]
INFO: [ view_end ] --START--
INFO: Run ShowPageTrace Behavior [ RunTime:-0.081300s ]
INFO: [ view_end ] --END-- [ RunTime:0.001584s ]

[ 2013-12-08T15:53:07+08:00 ] 111.206.128.159 /index.php
INFO: [ app_begin ] --START--
INFO: Run ReadHtmlCache Behavior [ RunTime:0.001452s ]
INFO: [ app_begin ] --END-- [ RunTime:0.001656s ]
NOTIC: [2] Cannot use a scalar value as an array D:\wwwroot\weilgo7125\wwwroot\Lib\Core\Action.class.php 第 206 行.
INFO: [ view_template ] --START--
INFO: Run LocationTemplate Behavior [ RunTime:-0.005377s ]
INFO: [ view_template ] --END-- [ RunTime:0.001688s ]
INFO: [ view_parse ] --START--
NOTIC: [8] Use of undefined constant uid - assumed 'uid' D:\wwwroot\weilgo7125\wwwroot\data\Conf\logs\Cache\Home\6fec05cdeb567bdd6f06e8ce37bfd4e0.php 第 60 行.
NOTIC: [8] Undefined index:  uid D:\wwwroot\weilgo7125\wwwroot\data\Conf\logs\Cache\Home\6fec05cdeb567bdd6f06e8ce37bfd4e0.php 第 60 行.
INFO: Run ParseTemplate Behavior [ RunTime:-0.007211s ]
INFO: [ view_parse ] --END-- [ RunTime:0.030772s ]
INFO: [ view_filter ] --START--
INFO: Run ContentReplace Behavior [ RunTime:-0.038072s ]
INFO: Run TokenBuild Behavior [ RunTime:-0.039313s ]
INFO: Run WriteHtmlCache Behavior [ RunTime:-0.040498s ]
INFO: Run ShowRuntime Behavior [ RunTime:-0.041410s ]
INFO: [ view_filter ] --END-- [ RunTime:0.004597s ]
INFO: [ view_end ] --START--
INFO: Run ShowPageTrace Behavior [ RunTime:-0.042807s ]
INFO: [ view_end ] --END-- [ RunTime:0.001436s ]

[ 2013-12-08T15:53:46+08:00 ] 111.206.128.157 /index.php?g=Home&m=Index&a=fc
INFO: [ app_begin ] --START--
INFO: Run ReadHtmlCache Behavior [ RunTime:0.001466s ]
INFO: [ app_begin ] --END-- [ RunTime:0.001637s ]
NOTIC: [2] Cannot use a scalar value as an array D:\wwwroot\weilgo7125\wwwroot\Lib\Core\Action.class.php 第 206 行.
INFO: [ view_template ] --START--
INFO: Run LocationTemplate Behavior [ RunTime:-0.005685s ]
INFO: [ view_template ] --END-- [ RunTime:0.001720s ]
INFO: [ view_parse ] --START--
NOTIC: [8] Use of undefined constant uid - assumed 'uid' D:\wwwroot\weilgo7125\wwwroot\data\Conf\logs\Cache\Home\b719357359ce6769d919ad560d3bd861.php 第 60 行.
NOTIC: [8] Undefined index:  uid D:\wwwroot\weilgo7125\wwwroot\data\Conf\logs\Cache\Home\b719357359ce6769d919ad560d3bd861.php 第 60 行.
INFO: Run ParseTemplate Behavior [ RunTime:-0.007493s ]
INFO: [ view_parse ] --END-- [ RunTime:0.038610s ]
INFO: [ view_filter ] --START--
INFO: Run ContentReplace Behavior [ RunTime:-0.046231s ]
INFO: Run TokenBuild Behavior [ RunTime:-0.047877s ]
INFO: Run WriteHtmlCache Behavior [ RunTime:-0.049648s ]
INFO: Run ShowRuntime Behavior [ RunTime:-0.050630s ]
INFO: [ view_filter ] --END-- [ RunTime:0.005759s ]
INFO: [ view_end ] --START--
INFO: Run ShowPageTrace Behavior [ RunTime:-0.052133s ]
INFO: [ view_end ] --END-- [ RunTime:0.001601s ]

[ 2013-12-08T15:54:08+08:00 ] 183.60.99.138 /index.php?g=Home&m=Index&a=fc
INFO: [ app_begin ] --START--
INFO: Run ReadHtmlCache Behavior [ RunTime:0.001489s ]
INFO: [ app_begin ] --END-- [ RunTime:0.001675s ]
NOTIC: [2] Cannot use a scalar value as an array D:\wwwroot\weilgo7125\wwwroot\Lib\Core\Action.class.php 第 206 行.
INFO: [ view_template ] --START--
INFO: Run LocationTemplate Behavior [ RunTime:-0.006804s ]
INFO: [ view_template ] --END-- [ RunTime:0.001713s ]
INFO: [ view_parse ] --START--
NOTIC: [8] Use of undefined constant uid - assumed 'uid' D:\wwwroot\weilgo7125\wwwroot\data\Conf\logs\Cache\Home\b719357359ce6769d919ad560d3bd861.php 第 60 行.
NOTIC: [8] Undefined index:  uid D:\wwwroot\weilgo7125\wwwroot\data\Conf\logs\Cache\Home\b719357359ce6769d919ad560d3bd861.php 第 60 行.
INFO: Run ParseTemplate Behavior [ RunTime:-0.008597s ]
INFO: [ view_parse ] --END-- [ RunTime:0.057862s ]
INFO: [ view_filter ] --START--
INFO: Run ContentReplace Behavior [ RunTime:-0.067238s ]
INFO: Run TokenBuild Behavior [ RunTime:-0.069837s ]
INFO: Run WriteHtmlCache Behavior [ RunTime:-0.072830s ]
INFO: Run ShowRuntime Behavior [ RunTime:-0.074506s ]
INFO: [ view_filter ] --END-- [ RunTime:0.010173s ]
INFO: [ view_end ] --START--
INFO: Run ShowPageTrace Behavior [ RunTime:-0.077115s ]
INFO: [ view_end ] --END-- [ RunTime:0.002512s ]

[ 2013-12-08T15:54:18+08:00 ] 211.149.187.9 /index.php
INFO: [ app_begin ] --START--
INFO: Run ReadHtmlCache Behavior [ RunTime:0.001297s ]
INFO: [ app_begin ] --END-- [ RunTime:0.001459s ]
NOTIC: [2] Cannot use a scalar value as an array D:\wwwroot\weilgo7125\wwwroot\Lib\Core\Action.class.php 第 206 行.
INFO: [ view_template ] --START--
INFO: Run LocationTemplate Behavior [ RunTime:-0.004888s ]
INFO: [ view_template ] --END-- [ RunTime:0.001510s ]
INFO: [ view_parse ] --START--
NOTIC: [8] Use of undefined constant uid - assumed 'uid' D:\wwwroot\weilgo7125\wwwroot\data\Conf\logs\Cache\Home\6fec05cdeb567bdd6f06e8ce37bfd4e0.php 第 60 行.
NOTIC: [8] Undefined index:  uid D:\wwwroot\weilgo7125\wwwroot\data\Conf\logs\Cache\Home\6fec05cdeb567bdd6f06e8ce37bfd4e0.php 第 60 行.
INFO: Run ParseTemplate Behavior [ RunTime:-0.006485s ]
INFO: [ view_parse ] --END-- [ RunTime:0.030394s ]
INFO: [ view_filter ] --START--
INFO: Run ContentReplace Behavior [ RunTime:-0.036970s ]
INFO: Run TokenBuild Behavior [ RunTime:-0.038141s ]
INFO: Run WriteHtmlCache Behavior [ RunTime:-0.039372s ]
INFO: Run ShowRuntime Behavior [ RunTime:-0.040314s ]
INFO: [ view_filter ] --END-- [ RunTime:0.004780s ]
INFO: [ view_end ] --START--
INFO: Run ShowPageTrace Behavior [ RunTime:-0.041884s ]
INFO: [ view_end ] --END-- [ RunTime:0.001424s ]

[ 2013-12-08T15:54:35+08:00 ] 27.24.213.2 /index.php
INFO: [ app_begin ] --START--
INFO: Run ReadHtmlCache Behavior [ RunTime:0.001367s ]
INFO: [ app_begin ] --END-- [ RunTime:0.001537s ]
NOTIC: [2] Cannot use a scalar value as an array D:\wwwroot\weilgo7125\wwwroot\Lib\Core\Action.class.php 第 206 行.
INFO: [ view_template ] --START--
INFO: Run LocationTemplate Behavior [ RunTime:-0.004896s ]
INFO: [ view_template ] --END-- [ RunTime:0.001539s ]
INFO: [ view_parse ] --START--
NOTIC: [8] Use of undefined constant uid - assumed 'uid' D:\wwwroot\weilgo7125\wwwroot\data\Conf\logs\Cache\Home\6fec05cdeb567bdd6f06e8ce37bfd4e0.php 第 60 行.
NOTIC: [8] Undefined index:  uid D:\wwwroot\weilgo7125\wwwroot\data\Conf\logs\Cache\Home\6fec05cdeb567bdd6f06e8ce37bfd4e0.php 第 60 行.
INFO: Run ParseTemplate Behavior [ RunTime:-0.006522s ]
INFO: [ view_parse ] --END-- [ RunTime:0.030375s ]
INFO: [ view_filter ] --START--
INFO: Run ContentReplace Behavior [ RunTime:-0.036997s ]
INFO: Run TokenBuild Behavior [ RunTime:-0.038271s ]
INFO: Run WriteHtmlCache Behavior [ RunTime:-0.039615s ]
INFO: Run ShowRuntime Behavior [ RunTime:-0.040555s ]
INFO: [ view_filter ] --END-- [ RunTime:0.004922s ]
INFO: [ view_end ] --START--
INFO: Run ShowPageTrace Behavior [ RunTime:-0.042078s ]
INFO: [ view_end ] --END-- [ RunTime:0.001474s ]

[ 2013-12-08T15:54:40+08:00 ] 27.24.213.4 /index.php?g=Home&m=Index&a=fc
INFO: [ app_begin ] --START--
INFO: Run ReadHtmlCache Behavior [ RunTime:0.002538s ]
INFO: [ app_begin ] --END-- [ RunTime:0.002793s ]
NOTIC: [2] Cannot use a scalar value as an array D:\wwwroot\weilgo7125\wwwroot\Lib\Core\Action.class.php 第 206 行.
INFO: [ view_template ] --START--
INFO: Run LocationTemplate Behavior [ RunTime:-0.008112s ]
INFO: [ view_template ] --END-- [ RunTime:0.001620s ]
INFO: [ view_parse ] --START--
NOTIC: [8] Use of undefined constant uid - assumed 'uid' D:\wwwroot\weilgo7125\wwwroot\data\Conf\logs\Cache\Home\b719357359ce6769d919ad560d3bd861.php 第 60 行.
NOTIC: [8] Undefined index:  uid D:\wwwroot\weilgo7125\wwwroot\data\Conf\logs\Cache\Home\b719357359ce6769d919ad560d3bd861.php 第 60 行.
INFO: Run ParseTemplate Behavior [ RunTime:-0.009820s ]
INFO: [ view_parse ] --END-- [ RunTime:0.039731s ]
INFO: [ view_filter ] --START--
INFO: Run ContentReplace Behavior [ RunTime:-0.049648s ]
INFO: Run TokenBuild Behavior [ RunTime:-0.051046s ]
INFO: Run WriteHtmlCache Behavior [ RunTime:-0.052353s ]
INFO: Run ShowRuntime Behavior [ RunTime:-0.053261s ]
INFO: [ view_filter ] --END-- [ RunTime:0.004917s ]
INFO: [ view_end ] --START--
INFO: Run ShowPageTrace Behavior [ RunTime:-0.054722s ]
INFO: [ view_end ] --END-- [ RunTime:0.001508s ]

[ 2013-12-08T15:55:40+08:00 ] 27.24.213.4 /index.php
INFO: [ app_begin ] --START--
INFO: Run ReadHtmlCache Behavior [ RunTime:0.001422s ]
INFO: [ app_begin ] --END-- [ RunTime:0.001581s ]
NOTIC: [2] Cannot use a scalar value as an array D:\wwwroot\weilgo7125\wwwroot\Lib\Core\Action.class.php 第 206 行.
INFO: [ view_template ] --START--
INFO: Run LocationTemplate Behavior [ RunTime:-0.005125s ]
INFO: [ view_template ] --END-- [ RunTime:0.001652s ]
INFO: [ view_parse ] --START--
NOTIC: [8] Use of undefined constant uid - assumed 'uid' D:\wwwroot\weilgo7125\wwwroot\data\Conf\logs\Cache\Home\6fec05cdeb567bdd6f06e8ce37bfd4e0.php 第 60 行.
NOTIC: [8] Undefined index:  uid D:\wwwroot\weilgo7125\wwwroot\data\Conf\logs\Cache\Home\6fec05cdeb567bdd6f06e8ce37bfd4e0.php 第 60 行.
INFO: Run ParseTemplate Behavior [ RunTime:-0.006862s ]
INFO: [ view_parse ] --END-- [ RunTime:0.033816s ]
INFO: [ view_filter ] --START--
INFO: Run ContentReplace Behavior [ RunTime:-0.040790s ]
INFO: Run TokenBuild Behavior [ RunTime:-0.042036s ]
INFO: Run WriteHtmlCache Behavior [ RunTime:-0.043328s ]
INFO: Run ShowRuntime Behavior [ RunTime:-0.044300s ]
INFO: [ view_filter ] --END-- [ RunTime:0.004966s ]
INFO: [ view_end ] --START--
INFO: Run ShowPageTrace Behavior [ RunTime:-0.045869s ]
INFO: [ view_end ] --END-- [ RunTime:0.001515s ]

[ 2013-12-08T15:55:44+08:00 ] 183.60.99.138 /index.php?g=Home&m=Index&a=price
INFO: [ app_begin ] --START--
INFO: Run ReadHtmlCache Behavior [ RunTime:0.001444s ]
INFO: [ app_begin ] --END-- [ RunTime:0.001602s ]
NOTIC: [2] Cannot use a scalar value as an array D:\wwwroot\weilgo7125\wwwroot\Lib\Core\Action.class.php 第 206 行.
INFO: [ view_template ] --START--
INFO: Run LocationTemplate Behavior [ RunTime:-0.005613s ]
INFO: [ view_template ] --END-- [ RunTime:0.001540s ]
INFO: [ view_parse ] --START--
NOTIC: [8] Use of undefined constant uid - assumed 'uid' D:\wwwroot\weilgo7125\wwwroot\data\Conf\logs\Cache\Home\7d87f40fe1a639b5d2faca7da636fe55.php 第 60 行.
NOTIC: [8] Undefined index:  uid D:\wwwroot\weilgo7125\wwwroot\data\Conf\logs\Cache\Home\7d87f40fe1a639b5d2faca7da636fe55.php 第 60 行.
INFO: Run ParseTemplate Behavior [ RunTime:-0.007236s ]
INFO: [ view_parse ] --END-- [ RunTime:0.042686s ]
INFO: [ view_filter ] --START--
INFO: Run ContentReplace Behavior [ RunTime:-0.050028s ]
INFO: Run TokenBuild Behavior [ RunTime:-0.051344s ]
INFO: Run WriteHtmlCache Behavior [ RunTime:-0.052647s ]
INFO: Run ShowRuntime Behavior [ RunTime:-0.053532s ]
INFO: [ view_filter ] --END-- [ RunTime:0.004818s ]
INFO: [ view_end ] --START--
INFO: Run ShowPageTrace Behavior [ RunTime:-0.054992s ]
INFO: [ view_end ] --END-- [ RunTime:0.001386s ]

[ 2013-12-08T15:55:53+08:00 ] 27.24.213.2 /index.php?g=Home&m=Index&a=about
INFO: [ app_begin ] --START--
INFO: Run ReadHtmlCache Behavior [ RunTime:0.001424s ]
INFO: [ app_begin ] --END-- [ RunTime:0.001599s ]
NOTIC: [2] Cannot use a scalar value as an array D:\wwwroot\weilgo7125\wwwroot\Lib\Core\Action.class.php 第 206 行.
INFO: [ view_template ] --START--
INFO: Run LocationTemplate Behavior [ RunTime:-0.005973s ]
INFO: [ view_template ] --END-- [ RunTime:0.001543s ]
INFO: [ view_parse ] --START--
NOTIC: [8] Use of undefined constant uid - assumed 'uid' D:\wwwroot\weilgo7125\wwwroot\data\Conf\logs\Cache\Home\78ff1c3a272e5eb0ed9d1720232c94a7.php 第 60 行.
NOTIC: [8] Undefined index:  uid D:\wwwroot\weilgo7125\wwwroot\data\Conf\logs\Cache\Home\78ff1c3a272e5eb0ed9d1720232c94a7.php 第 60 行.
INFO: Run ParseTemplate Behavior [ RunTime:-0.007591s ]
INFO: [ view_parse ] --END-- [ RunTime:0.027197s ]
INFO: [ view_filter ] --START--
INFO: Run ContentReplace Behavior [ RunTime:-0.034893s ]
INFO: Run TokenBuild Behavior [ RunTime:-0.036104s ]
INFO: Run WriteHtmlCache Behavior [ RunTime:-0.037423s ]
INFO: Run ShowRuntime Behavior [ RunTime:-0.038353s ]
INFO: [ view_filter ] --END-- [ RunTime:0.004714s ]
INFO: [ view_end ] --START--
INFO: Run ShowPageTrace Behavior [ RunTime:-0.039760s ]
INFO: [ view_end ] --END-- [ RunTime:0.001494s ]

[ 2013-12-08T15:56:22+08:00 ] 27.24.213.4 /index.php
INFO: [ app_begin ] --START--
INFO: Run ReadHtmlCache Behavior [ RunTime:0.001689s ]
INFO: [ app_begin ] --END-- [ RunTime:0.001917s ]
NOTIC: [2] Cannot use a scalar value as an array D:\wwwroot\weilgo7125\wwwroot\Lib\Core\Action.class.php 第 206 行.
INFO: [ view_template ] --START--
INFO: Run LocationTemplate Behavior [ RunTime:-0.005564s ]
INFO: [ view_template ] --END-- [ RunTime:0.001662s ]
INFO: [ view_parse ] --START--
NOTIC: [8] Use of undefined constant uid - assumed 'uid' D:\wwwroot\weilgo7125\wwwroot\data\Conf\logs\Cache\Home\6fec05cdeb567bdd6f06e8ce37bfd4e0.php 第 60 行.
NOTIC: [8] Undefined index:  uid D:\wwwroot\weilgo7125\wwwroot\data\Conf\logs\Cache\Home\6fec05cdeb567bdd6f06e8ce37bfd4e0.php 第 60 行.
INFO: Run ParseTemplate Behavior [ RunTime:-0.007296s ]
INFO: [ view_parse ] --END-- [ RunTime:0.038621s ]
INFO: [ view_filter ] --START--
INFO: Run ContentReplace Behavior [ RunTime:-0.046018s ]
INFO: Run TokenBuild Behavior [ RunTime:-0.047274s ]
INFO: Run WriteHtmlCache Behavior [ RunTime:-0.048660s ]
INFO: Run ShowRuntime Behavior [ RunTime:-0.049629s ]
INFO: [ view_filter ] --END-- [ RunTime:0.005138s ]
INFO: [ view_end ] --START--
INFO: Run ShowPageTrace Behavior [ RunTime:-0.051288s ]
INFO: [ view_end ] --END-- [ RunTime:0.001512s ]

[ 2013-12-08T15:57:37+08:00 ] ERR: (ThinkException) Table 'weilgo7125.tp_token_open' doesn't exist
 [ SQL语句 ] : SHOW COLUMNS FROM `tp_token_open`
[ 2013-12-08T15:57:37+08:00 ] 112.65.193.65 /index.php/api/bxutqr1386339662?signature=db92eb864ea8a720ed38acc86022e99de742d704&timestamp=1386489473&nonce=1386842007
INFO: [ route_check ] --START--
INFO: Run CheckRoute Behavior [ RunTime:0.001823s ]
INFO: [ route_check ] --END-- [ RunTime:0.002001s ]
INFO: [ app_begin ] --START--
INFO: Run ReadHtmlCache Behavior [ RunTime:-0.001416s ]
INFO: [ app_begin ] --END-- [ RunTime:0.001370s ]
NOTIC: [2] Cannot use a scalar value as an array D:\wwwroot\weilgo7125\wwwroot\Lib\Core\Action.class.php 第 206 行.
SQL: SHOW COLUMNS FROM `tp_token_open` [ RunTime:0.001802s ]
NOTIC: [8] Undefined index:  class D:\wwwroot\weilgo7125\wwwroot\Lib\Core\ThinkException.class.php 第 63 行.
NOTIC: [8] Undefined index:  type D:\wwwroot\weilgo7125\wwwroot\Lib\Core\ThinkException.class.php 第 63 行.
NOTIC: [8] Undefined index:  args D:\wwwroot\weilgo7125\wwwroot\Lib\Core\ThinkException.class.php 第 64 行.
NOTIC: [2] implode() [<a href='function.implode'>function.implode</a>]: Invalid arguments passed D:\wwwroot\weilgo7125\wwwroot\Lib\Core\ThinkException.class.php 第 64 行.
NOTIC: [8] Undefined index:  class D:\wwwroot\weilgo7125\wwwroot\Lib\Core\ThinkException.class.php 第 63 行.
NOTIC: [8] Undefined index:  type D:\wwwroot\weilgo7125\wwwroot\Lib\Core\ThinkException.class.php 第 63 行.
NOTIC: [8] Undefined index:  args D:\wwwroot\weilgo7125\wwwroot\Lib\Core\ThinkException.class.php 第 64 行.
NOTIC: [2] implode() [<a href='function.implode'>function.implode</a>]: Invalid arguments passed D:\wwwroot\weilgo7125\wwwroot\Lib\Core\ThinkException.class.php 第 64 行.
NOTIC: [8] Undefined index:  file D:\wwwroot\weilgo7125\wwwroot\Lib\Core\ThinkException.class.php 第 62 行.
NOTIC: [8] Undefined index:  line D:\wwwroot\weilgo7125\wwwroot\Lib\Core\ThinkException.class.php 第 62 行.
NOTIC: [8] Array to string conversion D:\wwwroot\weilgo7125\wwwroot\Lib\Core\ThinkException.class.php 第 64 行.
NOTIC: [4096] Object of class WeixinAction could not be converted to string D:\wwwroot\weilgo7125\wwwroot\Lib\Core\ThinkException.class.php 第 64 行.
NOTIC: [8] Undefined index:  class D:\wwwroot\weilgo7125\wwwroot\Lib\Core\ThinkException.class.php 第 63 行.
NOTIC: [8] Undefined index:  type D:\wwwroot\weilgo7125\wwwroot\Lib\Core\ThinkException.class.php 第 63 行.

[ 2013-12-08T15:57:44+08:00 ] ERR: (ThinkException) Table 'weilgo7125.tp_token_open' doesn't exist
 [ SQL语句 ] : SHOW COLUMNS FROM `tp_token_open`
[ 2013-12-08T15:57:44+08:00 ] 112.65.193.65 /index.php/api/bxutqr1386339662?signature=39dfa74f413968ff2aa20ce1df796a28ac34126a&timestamp=1386489480&nonce=1387165011
INFO: [ route_check ] --START--
INFO: Run CheckRoute Behavior [ RunTime:0.002497s ]
INFO: [ route_check ] --END-- [ RunTime:0.002743s ]
INFO: [ app_begin ] --START--
INFO: Run ReadHtmlCache Behavior [ RunTime:-0.001498s ]
INFO: [ app_begin ] --END-- [ RunTime:0.001511s ]
NOTIC: [2] Cannot use a scalar value as an array D:\wwwroot\weilgo7125\wwwroot\Lib\Core\Action.class.php 第 206 行.
SQL: SHOW COLUMNS FROM `tp_token_open` [ RunTime:0.001787s ]
NOTIC: [8] Undefined index:  class D:\wwwroot\weilgo7125\wwwroot\Lib\Core\ThinkException.class.php 第 63 行.
NOTIC: [8] Undefined index:  type D:\wwwroot\weilgo7125\wwwroot\Lib\Core\ThinkException.class.php 第 63 行.
NOTIC: [8] Undefined index:  args D:\wwwroot\weilgo7125\wwwroot\Lib\Core\ThinkException.class.php 第 64 行.
NOTIC: [2] implode() [<a href='function.implode'>function.implode</a>]: Invalid arguments passed D:\wwwroot\weilgo7125\wwwroot\Lib\Core\ThinkException.class.php 第 64 行.
NOTIC: [8] Undefined index:  class D:\wwwroot\weilgo7125\wwwroot\Lib\Core\ThinkException.class.php 第 63 行.
NOTIC: [8] Undefined index:  type D:\wwwroot\weilgo7125\wwwroot\Lib\Core\ThinkException.class.php 第 63 行.
NOTIC: [8] Undefined index:  args D:\wwwroot\weilgo7125\wwwroot\Lib\Core\ThinkException.class.php 第 64 行.
NOTIC: [2] implode() [<a href='function.implode'>function.implode</a>]: Invalid arguments passed D:\wwwroot\weilgo7125\wwwroot\Lib\Core\ThinkException.class.php 第 64 行.
NOTIC: [8] Undefined index:  file D:\wwwroot\weilgo7125\wwwroot\Lib\Core\ThinkException.class.php 第 62 行.
NOTIC: [8] Undefined index:  line D:\wwwroot\weilgo7125\wwwroot\Lib\Core\ThinkException.class.php 第 62 行.
NOTIC: [8] Array to string conversion D:\wwwroot\weilgo7125\wwwroot\Lib\Core\ThinkException.class.php 第 64 行.
NOTIC: [4096] Object of class WeixinAction could not be converted to string D:\wwwroot\weilgo7125\wwwroot\Lib\Core\ThinkException.class.php 第 64 行.
NOTIC: [8] Undefined index:  class D:\wwwroot\weilgo7125\wwwroot\Lib\Core\ThinkException.class.php 第 63 行.
NOTIC: [8] Undefined index:  type D:\wwwroot\weilgo7125\wwwroot\Lib\Core\ThinkException.class.php 第 63 行.

[ 2013-12-08T15:57:47+08:00 ] ERR: (ThinkException) Table 'weilgo7125.tp_token_open' doesn't exist
 [ SQL语句 ] : SHOW COLUMNS FROM `tp_token_open`
[ 2013-12-08T15:57:47+08:00 ] 140.206.163.92 /index.php/api/bxutqr1386339662?signature=d1a3b39fecfbc9643c0ab3ccfb5d3561aa29d4c3&timestamp=1386489483&nonce=1386691902
INFO: [ route_check ] --START--
INFO: Run CheckRoute Behavior [ RunTime:0.001828s ]
INFO: [ route_check ] --END-- [ RunTime:0.001970s ]
INFO: [ app_begin ] --START--
INFO: Run ReadHtmlCache Behavior [ RunTime:-0.001391s ]
INFO: [ app_begin ] --END-- [ RunTime:0.001709s ]
NOTIC: [2] Cannot use a scalar value as an array D:\wwwroot\weilgo7125\wwwroot\Lib\Core\Action.class.php 第 206 行.
SQL: SHOW COLUMNS FROM `tp_token_open` [ RunTime:0.001311s ]
NOTIC: [8] Undefined index:  class D:\wwwroot\weilgo7125\wwwroot\Lib\Core\ThinkException.class.php 第 63 行.
NOTIC: [8] Undefined index:  type D:\wwwroot\weilgo7125\wwwroot\Lib\Core\ThinkException.class.php 第 63 行.
NOTIC: [8] Undefined index:  args D:\wwwroot\weilgo7125\wwwroot\Lib\Core\ThinkException.class.php 第 64 行.
NOTIC: [2] implode() [<a href='function.implode'>function.implode</a>]: Invalid arguments passed D:\wwwroot\weilgo7125\wwwroot\Lib\Core\ThinkException.class.php 第 64 行.
NOTIC: [8] Undefined index:  class D:\wwwroot\weilgo7125\wwwroot\Lib\Core\ThinkException.class.php 第 63 行.
NOTIC: [8] Undefined index:  type D:\wwwroot\weilgo7125\wwwroot\Lib\Core\ThinkException.class.php 第 63 行.
NOTIC: [8] Undefined index:  args D:\wwwroot\weilgo7125\wwwroot\Lib\Core\ThinkException.class.php 第 64 行.
NOTIC: [2] implode() [<a href='function.implode'>function.implode</a>]: Invalid arguments passed D:\wwwroot\weilgo7125\wwwroot\Lib\Core\ThinkException.class.php 第 64 行.
NOTIC: [8] Undefined index:  file D:\wwwroot\weilgo7125\wwwroot\Lib\Core\ThinkException.class.php 第 62 行.
NOTIC: [8] Undefined index:  line D:\wwwroot\weilgo7125\wwwroot\Lib\Core\ThinkException.class.php 第 62 行.
NOTIC: [8] Array to string conversion D:\wwwroot\weilgo7125\wwwroot\Lib\Core\ThinkException.class.php 第 64 行.
NOTIC: [4096] Object of class WeixinAction could not be converted to string D:\wwwroot\weilgo7125\wwwroot\Lib\Core\ThinkException.class.php 第 64 行.
NOTIC: [8] Undefined index:  class D:\wwwroot\weilgo7125\wwwroot\Lib\Core\ThinkException.class.php 第 63 行.
NOTIC: [8] Undefined index:  type D:\wwwroot\weilgo7125\wwwroot\Lib\Core\ThinkException.class.php 第 63 行.

[ 2013-12-08T15:57:48+08:00 ] ERR: (ThinkException) Table 'weilgo7125.tp_token_open' doesn't exist
 [ SQL语句 ] : SHOW COLUMNS FROM `tp_token_open`
[ 2013-12-08T15:57:48+08:00 ] 140.206.163.92 /index.php/api/bxutqr1386339662?signature=e8e5b703847264330a72f8f4946a2c61f421669f&timestamp=1386489484&nonce=1386240881
INFO: [ route_check ] --START--
INFO: Run CheckRoute Behavior [ RunTime:0.002350s ]
INFO: [ route_check ] --END-- [ RunTime:0.002549s ]
INFO: [ app_begin ] --START--
INFO: Run ReadHtmlCache Behavior [ RunTime:-0.001577s ]
INFO: [ app_begin ] --END-- [ RunTime:0.001716s ]
NOTIC: [2] Cannot use a scalar value as an array D:\wwwroot\weilgo7125\wwwroot\Lib\Core\Action.class.php 第 206 行.
SQL: SHOW COLUMNS FROM `tp_token_open` [ RunTime:0.001903s ]
NOTIC: [8] Undefined index:  class D:\wwwroot\weilgo7125\wwwroot\Lib\Core\ThinkException.class.php 第 63 行.
NOTIC: [8] Undefined index:  type D:\wwwroot\weilgo7125\wwwroot\Lib\Core\ThinkException.class.php 第 63 行.
NOTIC: [8] Undefined index:  args D:\wwwroot\weilgo7125\wwwroot\Lib\Core\ThinkException.class.php 第 64 行.
NOTIC: [2] implode() [<a href='function.implode'>function.implode</a>]: Invalid arguments passed D:\wwwroot\weilgo7125\wwwroot\Lib\Core\ThinkException.class.php 第 64 行.
NOTIC: [8] Undefined index:  class D:\wwwroot\weilgo7125\wwwroot\Lib\Core\ThinkException.class.php 第 63 行.
NOTIC: [8] Undefined index:  type D:\wwwroot\weilgo7125\wwwroot\Lib\Core\ThinkException.class.php 第 63 行.
NOTIC: [8] Undefined index:  args D:\wwwroot\weilgo7125\wwwroot\Lib\Core\ThinkException.class.php 第 64 行.
NOTIC: [2] implode() [<a href='function.implode'>function.implode</a>]: Invalid arguments passed D:\wwwroot\weilgo7125\wwwroot\Lib\Core\ThinkException.class.php 第 64 行.
NOTIC: [8] Undefined index:  file D:\wwwroot\weilgo7125\wwwroot\Lib\Core\ThinkException.class.php 第 62 行.
NOTIC: [8] Undefined index:  line D:\wwwroot\weilgo7125\wwwroot\Lib\Core\ThinkException.class.php 第 62 行.
NOTIC: [8] Array to string conversion D:\wwwroot\weilgo7125\wwwroot\Lib\Core\ThinkException.class.php 第 64 行.
NOTIC: [4096] Object of class WeixinAction could not be converted to string D:\wwwroot\weilgo7125\wwwroot\Lib\Core\ThinkException.class.php 第 64 行.
NOTIC: [8] Undefined index:  class D:\wwwroot\weilgo7125\wwwroot\Lib\Core\ThinkException.class.php 第 63 行.
NOTIC: [8] Undefined index:  type D:\wwwroot\weilgo7125\wwwroot\Lib\Core\ThinkException.class.php 第 63 行.

[ 2013-12-08T15:57:54+08:00 ] 111.206.128.158 /index.php?g=Home&m=Index&a=price
INFO: [ app_begin ] --START--
INFO: Run ReadHtmlCache Behavior [ RunTime:0.001374s ]
INFO: [ app_begin ] --END-- [ RunTime:0.001533s ]
NOTIC: [2] Cannot use a scalar value as an array D:\wwwroot\weilgo7125\wwwroot\Lib\Core\Action.class.php 第 206 行.
INFO: [ view_template ] --START--
INFO: Run LocationTemplate Behavior [ RunTime:-0.005805s ]
INFO: [ view_template ] --END-- [ RunTime:0.001579s ]
INFO: [ view_parse ] --START--
NOTIC: [8] Use of undefined constant uid - assumed 'uid' D:\wwwroot\weilgo7125\wwwroot\data\Conf\logs\Cache\Home\7d87f40fe1a639b5d2faca7da636fe55.php 第 60 行.
NOTIC: [8] Undefined index:  uid D:\wwwroot\weilgo7125\wwwroot\data\Conf\logs\Cache\Home\7d87f40fe1a639b5d2faca7da636fe55.php 第 60 行.
INFO: Run ParseTemplate Behavior [ RunTime:-0.007452s ]
INFO: [ view_parse ] --END-- [ RunTime:0.050436s ]
INFO: [ view_filter ] --START--
INFO: Run ContentReplace Behavior [ RunTime:-0.058018s ]
INFO: Run TokenBuild Behavior [ RunTime:-0.059375s ]
INFO: Run WriteHtmlCache Behavior [ RunTime:-0.060706s ]
INFO: Run ShowRuntime Behavior [ RunTime:-0.061643s ]
INFO: [ view_filter ] --END-- [ RunTime:0.005031s ]
INFO: [ view_end ] --START--
INFO: Run ShowPageTrace Behavior [ RunTime:-0.063171s ]
INFO: [ view_end ] --END-- [ RunTime:0.001448s ]

[ 2013-12-08T15:58:38+08:00 ] 27.24.213.4 /index.php
INFO: [ app_begin ] --START--
INFO: Run ReadHtmlCache Behavior [ RunTime:0.001454s ]
INFO: [ app_begin ] --END-- [ RunTime:0.001616s ]
NOTIC: [2] Cannot use a scalar value as an array D:\wwwroot\weilgo7125\wwwroot\Lib\Core\Action.class.php 第 206 行.
INFO: [ view_template ] --START--
INFO: Run LocationTemplate Behavior [ RunTime:-0.005020s ]
INFO: [ view_template ] --END-- [ RunTime:0.001581s ]
INFO: [ view_parse ] --START--
NOTIC: [8] Use of undefined constant uid - assumed 'uid' D:\wwwroot\weilgo7125\wwwroot\data\Conf\logs\Cache\Home\6fec05cdeb567bdd6f06e8ce37bfd4e0.php 第 60 行.
NOTIC: [8] Undefined index:  uid D:\wwwroot\weilgo7125\wwwroot\data\Conf\logs\Cache\Home\6fec05cdeb567bdd6f06e8ce37bfd4e0.php 第 60 行.
INFO: Run ParseTemplate Behavior [ RunTime:-0.006688s ]
INFO: [ view_parse ] --END-- [ RunTime:0.030631s ]
INFO: [ view_filter ] --START--
INFO: Run ContentReplace Behavior [ RunTime:-0.037403s ]
INFO: Run TokenBuild Behavior [ RunTime:-0.038597s ]
INFO: Run WriteHtmlCache Behavior [ RunTime:-0.039831s ]
INFO: Run ShowRuntime Behavior [ RunTime:-0.040818s ]
INFO: [ view_filter ] --END-- [ RunTime:0.004908s ]
INFO: [ view_end ] --START--
INFO: Run ShowPageTrace Behavior [ RunTime:-0.042483s ]
INFO: [ view_end ] --END-- [ RunTime:0.001437s ]

[ 2013-12-08T16:02:05+08:00 ] 211.149.187.9 /index.php
INFO: [ app_begin ] --START--
INFO: Run ReadHtmlCache Behavior [ RunTime:0.001436s ]
INFO: [ app_begin ] --END-- [ RunTime:0.001627s ]
NOTIC: [2] Cannot use a scalar value as an array D:\wwwroot\weilgot8081\wwwroot\Lib\Core\Action.class.php 第 206 行.
INFO: [ view_template ] --START--
INFO: Run LocationTemplate Behavior [ RunTime:-0.008034s ]
INFO: [ view_template ] --END-- [ RunTime:0.002380s ]
INFO: [ view_parse ] --START--
NOTIC: [8] Use of undefined constant uid - assumed 'uid' D:\wwwroot\weilgot8081\wwwroot\data\Conf\logs\Cache\Home\6fec05cdeb567bdd6f06e8ce37bfd4e0.php 第 60 行.
NOTIC: [8] Undefined index:  uid D:\wwwroot\weilgot8081\wwwroot\data\Conf\logs\Cache\Home\6fec05cdeb567bdd6f06e8ce37bfd4e0.php 第 60 行.
INFO: Run ParseTemplate Behavior [ RunTime:-0.010537s ]
INFO: [ view_parse ] --END-- [ RunTime:0.041264s ]
INFO: [ view_filter ] --START--
INFO: Run ContentReplace Behavior [ RunTime:-0.051862s ]
INFO: Run TokenBuild Behavior [ RunTime:-0.053095s ]
INFO: Run WriteHtmlCache Behavior [ RunTime:-0.054433s ]
INFO: Run ShowRuntime Behavior [ RunTime:-0.055345s ]
INFO: [ view_filter ] --END-- [ RunTime:0.004795s ]
INFO: [ view_end ] --START--
INFO: Run ShowPageTrace Behavior [ RunTime:-0.056808s ]
INFO: [ view_end ] --END-- [ RunTime:0.001835s ]

[ 2013-12-08T16:06:47+08:00 ] 211.149.187.9 /index.php
INFO: [ app_begin ] --START--
INFO: Run ReadHtmlCache Behavior [ RunTime:0.001704s ]
INFO: [ app_begin ] --END-- [ RunTime:0.002094s ]
NOTIC: [2] Cannot use a scalar value as an array D:\wwwroot\weilgot8081\wwwroot\Lib\Core\Action.class.php 第 206 行.
INFO: [ view_template ] --START--
INFO: Run LocationTemplate Behavior [ RunTime:-0.005973s ]
INFO: [ view_template ] --END-- [ RunTime:0.001657s ]
INFO: [ view_parse ] --START--
NOTIC: [8] Use of undefined constant uid - assumed 'uid' D:\wwwroot\weilgot8081\wwwroot\data\Conf\logs\Cache\Home\6fec05cdeb567bdd6f06e8ce37bfd4e0.php 第 60 行.
NOTIC: [8] Undefined index:  uid D:\wwwroot\weilgot8081\wwwroot\data\Conf\logs\Cache\Home\6fec05cdeb567bdd6f06e8ce37bfd4e0.php 第 60 行.
INFO: Run ParseTemplate Behavior [ RunTime:-0.007733s ]
INFO: [ view_parse ] --END-- [ RunTime:0.038448s ]
INFO: [ view_filter ] --START--
INFO: Run ContentReplace Behavior [ RunTime:-0.046263s ]
INFO: Run TokenBuild Behavior [ RunTime:-0.047881s ]
INFO: Run WriteHtmlCache Behavior [ RunTime:-0.049411s ]
INFO: Run ShowRuntime Behavior [ RunTime:-0.050429s ]
INFO: [ view_filter ] --END-- [ RunTime:0.005535s ]
INFO: [ view_end ] --START--
INFO: Run ShowPageTrace Behavior [ RunTime:-0.051933s ]
INFO: [ view_end ] --END-- [ RunTime:0.001455s ]

[ 2013-12-08T16:06:59+08:00 ] 211.149.187.9 /index.php
INFO: [ app_begin ] --START--
INFO: Run ReadHtmlCache Behavior [ RunTime:0.001407s ]
INFO: [ app_begin ] --END-- [ RunTime:0.001611s ]
NOTIC: [2] Cannot use a scalar value as an array D:\wwwroot\weilgot8081\wwwroot\Lib\Core\Action.class.php 第 206 行.
INFO: [ view_template ] --START--
INFO: Run LocationTemplate Behavior [ RunTime:-0.005279s ]
INFO: [ view_template ] --END-- [ RunTime:0.001775s ]
INFO: [ view_parse ] --START--
NOTIC: [8] Use of undefined constant uid - assumed 'uid' D:\wwwroot\weilgot8081\wwwroot\data\Conf\logs\Cache\Home\6fec05cdeb567bdd6f06e8ce37bfd4e0.php 第 60 行.
NOTIC: [8] Undefined index:  uid D:\wwwroot\weilgot8081\wwwroot\data\Conf\logs\Cache\Home\6fec05cdeb567bdd6f06e8ce37bfd4e0.php 第 60 行.
INFO: Run ParseTemplate Behavior [ RunTime:-0.007154s ]
INFO: [ view_parse ] --END-- [ RunTime:0.032351s ]
INFO: [ view_filter ] --START--
INFO: Run ContentReplace Behavior [ RunTime:-0.039608s ]
INFO: Run TokenBuild Behavior [ RunTime:-0.040977s ]
INFO: Run WriteHtmlCache Behavior [ RunTime:-0.042317s ]
INFO: Run ShowRuntime Behavior [ RunTime:-0.043229s ]
INFO: [ view_filter ] --END-- [ RunTime:0.004910s ]
INFO: [ view_end ] --START--
INFO: Run ShowPageTrace Behavior [ RunTime:-0.044651s ]
INFO: [ view_end ] --END-- [ RunTime:0.001524s ]

[ 2013-12-08T16:08:25+08:00 ] 211.149.187.9 /index.php
INFO: [ app_begin ] --START--
INFO: Run ReadHtmlCache Behavior [ RunTime:0.001474s ]
INFO: [ app_begin ] --END-- [ RunTime:0.001655s ]
NOTIC: [2] Cannot use a scalar value as an array D:\wwwroot\weilgot8081\wwwroot\Lib\Core\Action.class.php 第 206 行.
INFO: [ view_template ] --START--
INFO: Run LocationTemplate Behavior [ RunTime:-0.010434s ]
INFO: [ view_template ] --END-- [ RunTime:0.001548s ]
INFO: [ view_parse ] --START--
NOTIC: [8] Use of undefined constant uid - assumed 'uid' D:\wwwroot\weilgot8081\wwwroot\data\Conf\logs\Cache\Home\6fec05cdeb567bdd6f06e8ce37bfd4e0.php 第 60 行.
NOTIC: [8] Undefined index:  uid D:\wwwroot\weilgot8081\wwwroot\data\Conf\logs\Cache\Home\6fec05cdeb567bdd6f06e8ce37bfd4e0.php 第 60 行.
INFO: Run ParseTemplate Behavior [ RunTime:-0.012067s ]
INFO: [ view_parse ] --END-- [ RunTime:0.029272s ]
INFO: [ view_filter ] --START--
INFO: Run ContentReplace Behavior [ RunTime:-0.041426s ]
INFO: Run TokenBuild Behavior [ RunTime:-0.042595s ]
INFO: Run WriteHtmlCache Behavior [ RunTime:-0.043815s ]
INFO: Run ShowRuntime Behavior [ RunTime:-0.044699s ]
INFO: [ view_filter ] --END-- [ RunTime:0.004516s ]
INFO: [ view_end ] --START--
INFO: Run ShowPageTrace Behavior [ RunTime:-0.046068s ]
INFO: [ view_end ] --END-- [ RunTime:0.001388s ]

[ 2013-12-08T16:14:59+08:00 ] 211.149.187.9 /index.php
INFO: [ app_begin ] --START--
INFO: Run ReadHtmlCache Behavior [ RunTime:0.001321s ]
INFO: [ app_begin ] --END-- [ RunTime:0.001536s ]
NOTIC: [2] Cannot use a scalar value as an array D:\wwwroot\weilgot8081\wwwroot\Lib\Core\Action.class.php 第 206 行.
INFO: [ view_template ] --START--
INFO: Run LocationTemplate Behavior [ RunTime:-0.004767s ]
INFO: [ view_template ] --END-- [ RunTime:0.001497s ]
INFO: [ view_parse ] --START--
NOTIC: [8] Use of undefined constant uid - assumed 'uid' D:\wwwroot\weilgot8081\wwwroot\data\Conf\logs\Cache\Home\6fec05cdeb567bdd6f06e8ce37bfd4e0.php 第 60 行.
NOTIC: [8] Undefined index:  uid D:\wwwroot\weilgot8081\wwwroot\data\Conf\logs\Cache\Home\6fec05cdeb567bdd6f06e8ce37bfd4e0.php 第 60 行.
INFO: Run ParseTemplate Behavior [ RunTime:-0.006362s ]
INFO: [ view_parse ] --END-- [ RunTime:0.029517s ]
INFO: [ view_filter ] --START--
INFO: Run ContentReplace Behavior [ RunTime:-0.035959s ]
INFO: Run TokenBuild Behavior [ RunTime:-0.037161s ]
INFO: Run WriteHtmlCache Behavior [ RunTime:-0.038433s ]
INFO: Run ShowRuntime Behavior [ RunTime:-0.039488s ]
INFO: [ view_filter ] --END-- [ RunTime:0.004803s ]
INFO: [ view_end ] --START--
INFO: Run ShowPageTrace Behavior [ RunTime:-0.040893s ]
INFO: [ view_end ] --END-- [ RunTime:0.001516s ]

[ 2013-12-08T16:15:14+08:00 ] 125.88.77.57 /index.php
INFO: [ app_begin ] --START--
INFO: Run ReadHtmlCache Behavior [ RunTime:0.001372s ]
INFO: [ app_begin ] --END-- [ RunTime:0.001544s ]
NOTIC: [2] Cannot use a scalar value as an array D:\wwwroot\weilgot8081\wwwroot\Lib\Core\Action.class.php 第 206 行.
INFO: [ view_template ] --START--
INFO: Run LocationTemplate Behavior [ RunTime:-0.005337s ]
INFO: [ view_template ] --END-- [ RunTime:0.001560s ]
INFO: [ view_parse ] --START--
NOTIC: [8] Use of undefined constant uid - assumed 'uid' D:\wwwroot\weilgot8081\wwwroot\data\Conf\logs\Cache\Home\6fec05cdeb567bdd6f06e8ce37bfd4e0.php 第 60 行.
NOTIC: [8] Undefined index:  uid D:\wwwroot\weilgot8081\wwwroot\data\Conf\logs\Cache\Home\6fec05cdeb567bdd6f06e8ce37bfd4e0.php 第 60 行.
INFO: Run ParseTemplate Behavior [ RunTime:-0.007023s ]
INFO: [ view_parse ] --END-- [ RunTime:0.031207s ]
INFO: [ view_filter ] --START--
INFO: Run ContentReplace Behavior [ RunTime:-0.038327s ]
INFO: Run TokenBuild Behavior [ RunTime:-0.039566s ]
INFO: Run WriteHtmlCache Behavior [ RunTime:-0.040853s ]
INFO: Run ShowRuntime Behavior [ RunTime:-0.041792s ]
INFO: [ view_filter ] --END-- [ RunTime:0.004823s ]
INFO: [ view_end ] --START--
INFO: Run ShowPageTrace Behavior [ RunTime:-0.043326s ]
INFO: [ view_end ] --END-- [ RunTime:0.001506s ]

[ 2013-12-08T16:16:08+08:00 ] 125.88.77.57 /index.php?m=Index&a=login
INFO: [ app_begin ] --START--
INFO: Run ReadHtmlCache Behavior [ RunTime:0.001331s ]
INFO: [ app_begin ] --END-- [ RunTime:0.001498s ]
NOTIC: [2] Cannot use a scalar value as an array D:\wwwroot\weilgot8081\wwwroot\Lib\Core\Action.class.php 第 206 行.
INFO: [ view_template ] --START--
INFO: Run LocationTemplate Behavior [ RunTime:-0.005481s ]
INFO: [ view_template ] --END-- [ RunTime:0.001599s ]
INFO: [ view_parse ] --START--
NOTIC: [8] Use of undefined constant uid - assumed 'uid' D:\wwwroot\weilgot8081\wwwroot\data\Conf\logs\Cache\Home\52f87a7eb8f08d96b8a13f27c31684b4.php 第 60 行.
NOTIC: [8] Undefined index:  uid D:\wwwroot\weilgot8081\wwwroot\data\Conf\logs\Cache\Home\52f87a7eb8f08d96b8a13f27c31684b4.php 第 60 行.
INFO: Run ParseTemplate Behavior [ RunTime:-0.007162s ]
INFO: [ view_parse ] --END-- [ RunTime:0.022456s ]
INFO: [ view_filter ] --START--
INFO: Run ContentReplace Behavior [ RunTime:-0.029745s ]
INFO: Run TokenBuild Behavior [ RunTime:-0.030913s ]
INFO: Run WriteHtmlCache Behavior [ RunTime:-0.032128s ]
INFO: Run ShowRuntime Behavior [ RunTime:-0.033045s ]
INFO: [ view_filter ] --END-- [ RunTime:0.004632s ]
INFO: [ view_end ] --START--
INFO: Run ShowPageTrace Behavior [ RunTime:-0.034499s ]
INFO: [ view_end ] --END-- [ RunTime:0.001499s ]

[ 2013-12-08T16:16:18+08:00 ] 125.88.77.57 /index.php?g=Home&m=Index&a=help
INFO: [ app_begin ] --START--
INFO: Run ReadHtmlCache Behavior [ RunTime:0.001471s ]
INFO: [ app_begin ] --END-- [ RunTime:0.001630s ]
NOTIC: [2] Cannot use a scalar value as an array D:\wwwroot\weilgot8081\wwwroot\Lib\Core\Action.class.php 第 206 行.
INFO: [ view_template ] --START--
INFO: Run LocationTemplate Behavior [ RunTime:-0.005832s ]
INFO: [ view_template ] --END-- [ RunTime:0.001770s ]
INFO: [ view_parse ] --START--
NOTIC: [8] Use of undefined constant uid - assumed 'uid' D:\wwwroot\weilgot8081\wwwroot\data\Conf\logs\Cache\Home\ac7dcbce78569838c0e0004a41cffac4.php 第 39 行.
NOTIC: [8] Undefined index:  uid D:\wwwroot\weilgot8081\wwwroot\data\Conf\logs\Cache\Home\ac7dcbce78569838c0e0004a41cffac4.php 第 39 行.
NOTIC: [8] Undefined index:  token D:\wwwroot\weilgot8081\wwwroot\data\Conf\logs\Cache\Home\ac7dcbce78569838c0e0004a41cffac4.php 第 155 行.
NOTIC: [8] Undefined index:  token D:\wwwroot\weilgot8081\wwwroot\data\Conf\logs\Cache\Home\ac7dcbce78569838c0e0004a41cffac4.php 第 182 行.
NOTIC: [8] Undefined index:  token D:\wwwroot\weilgot8081\wwwroot\data\Conf\logs\Cache\Home\ac7dcbce78569838c0e0004a41cffac4.php 第 186 行.
INFO: Run ParseTemplate Behavior [ RunTime:-0.007707s ]
INFO: [ view_parse ] --END-- [ RunTime:0.028115s ]
INFO: [ view_filter ] --START--
INFO: Run ContentReplace Behavior [ RunTime:-0.035890s ]
INFO: Run TokenBuild Behavior [ RunTime:-0.037051s ]
INFO: Run WriteHtmlCache Behavior [ RunTime:-0.038175s ]
INFO: Run ShowRuntime Behavior [ RunTime:-0.039110s ]
INFO: [ view_filter ] --END-- [ RunTime:0.004511s ]
INFO: [ view_end ] --START--
INFO: Run ShowPageTrace Behavior [ RunTime:-0.040521s ]
INFO: [ view_end ] --END-- [ RunTime:0.001702s ]

[ 2013-12-08T16:17:06+08:00 ] 119.147.146.194 /index.php
INFO: [ app_begin ] --START--
INFO: Run ReadHtmlCache Behavior [ RunTime:0.001937s ]
INFO: [ app_begin ] --END-- [ RunTime:0.002179s ]
NOTIC: [2] Cannot use a scalar value as an array D:\wwwroot\weilgot8081\wwwroot\Lib\Core\Action.class.php 第 206 行.
INFO: [ view_template ] --START--
INFO: Run LocationTemplate Behavior [ RunTime:-0.007731s ]
INFO: [ view_template ] --END-- [ RunTime:0.002715s ]
INFO: [ view_parse ] --START--
NOTIC: [8] Use of undefined constant uid - assumed 'uid' D:\wwwroot\weilgot8081\wwwroot\data\Conf\logs\Cache\Home\6fec05cdeb567bdd6f06e8ce37bfd4e0.php 第 60 行.
NOTIC: [8] Undefined index:  uid D:\wwwroot\weilgot8081\wwwroot\data\Conf\logs\Cache\Home\6fec05cdeb567bdd6f06e8ce37bfd4e0.php 第 60 行.
INFO: Run ParseTemplate Behavior [ RunTime:-0.010584s ]
INFO: [ view_parse ] --END-- [ RunTime:0.030019s ]
INFO: [ view_filter ] --START--
INFO: Run ContentReplace Behavior [ RunTime:-0.040674s ]
INFO: Run TokenBuild Behavior [ RunTime:-0.041837s ]
INFO: Run WriteHtmlCache Behavior [ RunTime:-0.043139s ]
INFO: Run ShowRuntime Behavior [ RunTime:-0.044020s ]
INFO: [ view_filter ] --END-- [ RunTime:0.004627s ]
INFO: [ view_end ] --START--
INFO: Run ShowPageTrace Behavior [ RunTime:-0.045435s ]
INFO: [ view_end ] --END-- [ RunTime:0.001401s ]

[ 2013-12-08T16:17:24+08:00 ] 123.155.251.38 /index.php
INFO: [ app_begin ] --START--
INFO: Run ReadHtmlCache Behavior [ RunTime:0.001839s ]
INFO: [ app_begin ] --END-- [ RunTime:0.002064s ]
NOTIC: [2] Cannot use a scalar value as an array D:\wwwroot\weilgot8081\wwwroot\Lib\Core\Action.class.php 第 206 行.
INFO: [ view_template ] --START--
INFO: Run LocationTemplate Behavior [ RunTime:-0.007754s ]
INFO: [ view_template ] --END-- [ RunTime:0.002103s ]
INFO: [ view_parse ] --START--
NOTIC: [8] Use of undefined constant uid - assumed 'uid' D:\wwwroot\weilgot8081\wwwroot\data\Conf\logs\Cache\Home\6fec05cdeb567bdd6f06e8ce37bfd4e0.php 第 60 行.
NOTIC: [8] Undefined index:  uid D:\wwwroot\weilgot8081\wwwroot\data\Conf\logs\Cache\Home\6fec05cdeb567bdd6f06e8ce37bfd4e0.php 第 60 行.
INFO: Run ParseTemplate Behavior [ RunTime:-0.009959s ]
INFO: [ view_parse ] --END-- [ RunTime:0.032440s ]
INFO: [ view_filter ] --START--
INFO: Run ContentReplace Behavior [ RunTime:-0.042489s ]
INFO: Run TokenBuild Behavior [ RunTime:-0.043778s ]
INFO: Run WriteHtmlCache Behavior [ RunTime:-0.045163s ]
INFO: Run ShowRuntime Behavior [ RunTime:-0.046181s ]
INFO: [ view_filter ] --END-- [ RunTime:0.005339s ]
INFO: [ view_end ] --START--
INFO: Run ShowPageTrace Behavior [ RunTime:-0.047959s ]
INFO: [ view_end ] --END-- [ RunTime:0.001524s ]

[ 2013-12-08T16:17:26+08:00 ] 119.147.146.189 /index.php
INFO: [ app_begin ] --START--
INFO: Run ReadHtmlCache Behavior [ RunTime:0.001371s ]
INFO: [ app_begin ] --END-- [ RunTime:0.001547s ]
NOTIC: [2] Cannot use a scalar value as an array D:\wwwroot\weilgot8081\wwwroot\Lib\Core\Action.class.php 第 206 行.
INFO: [ view_template ] --START--
INFO: Run LocationTemplate Behavior [ RunTime:-0.005388s ]
INFO: [ view_template ] --END-- [ RunTime:0.001554s ]
INFO: [ view_parse ] --START--
NOTIC: [8] Use of undefined constant uid - assumed 'uid' D:\wwwroot\weilgot8081\wwwroot\data\Conf\logs\Cache\Home\6fec05cdeb567bdd6f06e8ce37bfd4e0.php 第 60 行.
NOTIC: [8] Undefined index:  uid D:\wwwroot\weilgot8081\wwwroot\data\Conf\logs\Cache\Home\6fec05cdeb567bdd6f06e8ce37bfd4e0.php 第 60 行.
INFO: Run ParseTemplate Behavior [ RunTime:-0.007027s ]
INFO: [ view_parse ] --END-- [ RunTime:0.029341s ]
INFO: [ view_filter ] --START--
INFO: Run ContentReplace Behavior [ RunTime:-0.036466s ]
INFO: Run TokenBuild Behavior [ RunTime:-0.037619s ]
INFO: Run WriteHtmlCache Behavior [ RunTime:-0.038901s ]
INFO: Run ShowRuntime Behavior [ RunTime:-0.039840s ]
INFO: [ view_filter ] --END-- [ RunTime:0.004614s ]
INFO: [ view_end ] --START--
INFO: Run ShowPageTrace Behavior [ RunTime:-0.041211s ]
INFO: [ view_end ] --END-- [ RunTime:0.001378s ]

[ 2013-12-08T16:17:36+08:00 ] 123.155.251.38 /index.php?m=Index&a=login
INFO: [ app_begin ] --START--
INFO: Run ReadHtmlCache Behavior [ RunTime:0.001414s ]
INFO: [ app_begin ] --END-- [ RunTime:0.001598s ]
NOTIC: [2] Cannot use a scalar value as an array D:\wwwroot\weilgot8081\wwwroot\Lib\Core\Action.class.php 第 206 行.
INFO: [ view_template ] --START--
INFO: Run LocationTemplate Behavior [ RunTime:-0.005716s ]
INFO: [ view_template ] --END-- [ RunTime:0.001607s ]
INFO: [ view_parse ] --START--
NOTIC: [8] Use of undefined constant uid - assumed 'uid' D:\wwwroot\weilgot8081\wwwroot\data\Conf\logs\Cache\Home\52f87a7eb8f08d96b8a13f27c31684b4.php 第 60 行.
NOTIC: [8] Undefined index:  uid D:\wwwroot\weilgot8081\wwwroot\data\Conf\logs\Cache\Home\52f87a7eb8f08d96b8a13f27c31684b4.php 第 60 行.
INFO: Run ParseTemplate Behavior [ RunTime:-0.007452s ]
INFO: [ view_parse ] --END-- [ RunTime:0.022705s ]
INFO: [ view_filter ] --START--
INFO: Run ContentReplace Behavior [ RunTime:-0.030240s ]
INFO: Run TokenBuild Behavior [ RunTime:-0.031429s ]
INFO: Run WriteHtmlCache Behavior [ RunTime:-0.032686s ]
INFO: Run ShowRuntime Behavior [ RunTime:-0.033635s ]
INFO: [ view_filter ] --END-- [ RunTime:0.004741s ]
INFO: [ view_end ] --START--
INFO: Run ShowPageTrace Behavior [ RunTime:-0.035160s ]
INFO: [ view_end ] --END-- [ RunTime:0.001482s ]

[ 2013-12-08T16:17:38+08:00 ] 123.155.251.38 /index.php?g=Home&m=Index&a=help
INFO: [ app_begin ] --START--
INFO: Run ReadHtmlCache Behavior [ RunTime:0.001387s ]
INFO: [ app_begin ] --END-- [ RunTime:0.001553s ]
NOTIC: [2] Cannot use a scalar value as an array D:\wwwroot\weilgot8081\wwwroot\Lib\Core\Action.class.php 第 206 行.
INFO: [ view_template ] --START--
INFO: Run LocationTemplate Behavior [ RunTime:-0.005278s ]
INFO: [ view_template ] --END-- [ RunTime:0.001525s ]
INFO: [ view_parse ] --START--
NOTIC: [8] Use of undefined constant uid - assumed 'uid' D:\wwwroot\weilgot8081\wwwroot\data\Conf\logs\Cache\Home\ac7dcbce78569838c0e0004a41cffac4.php 第 39 行.
NOTIC: [8] Undefined index:  uid D:\wwwroot\weilgot8081\wwwroot\data\Conf\logs\Cache\Home\ac7dcbce78569838c0e0004a41cffac4.php 第 39 行.
NOTIC: [8] Undefined index:  token D:\wwwroot\weilgot8081\wwwroot\data\Conf\logs\Cache\Home\ac7dcbce78569838c0e0004a41cffac4.php 第 155 行.
NOTIC: [8] Undefined index:  token D:\wwwroot\weilgot8081\wwwroot\data\Conf\logs\Cache\Home\ac7dcbce78569838c0e0004a41cffac4.php 第 182 行.
NOTIC: [8] Undefined index:  token D:\wwwroot\weilgot8081\wwwroot\data\Conf\logs\Cache\Home\ac7dcbce78569838c0e0004a41cffac4.php 第 186 行.
INFO: Run ParseTemplate Behavior [ RunTime:-0.006896s ]
INFO: [ view_parse ] --END-- [ RunTime:0.022683s ]
INFO: [ view_filter ] --START--
INFO: Run ContentReplace Behavior [ RunTime:-0.029663s ]
INFO: Run TokenBuild Behavior [ RunTime:-0.030737s ]
INFO: Run WriteHtmlCache Behavior [ RunTime:-0.031875s ]
INFO: Run ShowRuntime Behavior [ RunTime:-0.032731s ]
INFO: [ view_filter ] --END-- [ RunTime:0.004320s ]
INFO: [ view_end ] --START--
INFO: Run ShowPageTrace Behavior [ RunTime:-0.034105s ]
INFO: [ view_end ] --END-- [ RunTime:0.001374s ]

[ 2013-12-08T16:17:53+08:00 ] ERR: (ThinkException) Table 'weilgo7125.tp_users' doesn't exist
 [ SQL语句 ] : SHOW COLUMNS FROM `tp_users`
[ 2013-12-08T16:17:53+08:00 ] 123.155.251.38 /index.php?m=Users&a=checklogin
INFO: [ app_begin ] --START--
INFO: Run ReadHtmlCache Behavior [ RunTime:0.002320s ]
INFO: [ app_begin ] --END-- [ RunTime:0.002586s ]
NOTIC: [2] Cannot use a scalar value as an array D:\wwwroot\weilgot8081\wwwroot\Lib\Core\Action.class.php 第 206 行.
SQL: SHOW COLUMNS FROM `tp_users` [ RunTime:0.001449s ]
NOTIC: [8] Undefined index:  class D:\wwwroot\weilgot8081\wwwroot\Lib\Core\ThinkException.class.php 第 63 行.
NOTIC: [8] Undefined index:  type D:\wwwroot\weilgot8081\wwwroot\Lib\Core\ThinkException.class.php 第 63 行.
NOTIC: [8] Undefined index:  args D:\wwwroot\weilgot8081\wwwroot\Lib\Core\ThinkException.class.php 第 64 行.
NOTIC: [2] implode() [<a href='function.implode'>function.implode</a>]: Invalid arguments passed D:\wwwroot\weilgot8081\wwwroot\Lib\Core\ThinkException.class.php 第 64 行.
NOTIC: [8] Undefined index:  class D:\wwwroot\weilgot8081\wwwroot\Lib\Core\ThinkException.class.php 第 63 行.
NOTIC: [8] Undefined index:  type D:\wwwroot\weilgot8081\wwwroot\Lib\Core\ThinkException.class.php 第 63 行.
NOTIC: [8] Undefined index:  args D:\wwwroot\weilgot8081\wwwroot\Lib\Core\ThinkException.class.php 第 64 行.
NOTIC: [2] implode() [<a href='function.implode'>function.implode</a>]: Invalid arguments passed D:\wwwroot\weilgot8081\wwwroot\Lib\Core\ThinkException.class.php 第 64 行.
NOTIC: [8] Undefined index:  file D:\wwwroot\weilgot8081\wwwroot\Lib\Core\ThinkException.class.php 第 62 行.
NOTIC: [8] Undefined index:  line D:\wwwroot\weilgot8081\wwwroot\Lib\Core\ThinkException.class.php 第 62 行.
NOTIC: [4096] Object of class UsersAction could not be converted to string D:\wwwroot\weilgot8081\wwwroot\Lib\Core\ThinkException.class.php 第 64 行.
NOTIC: [8] Undefined index:  class D:\wwwroot\weilgot8081\wwwroot\Lib\Core\ThinkException.class.php 第 63 行.
NOTIC: [8] Undefined index:  type D:\wwwroot\weilgot8081\wwwroot\Lib\Core\ThinkException.class.php 第 63 行.

[ 2013-12-08T16:17:54+08:00 ] 123.155.251.38 /index.php
INFO: [ app_begin ] --START--
INFO: Run ReadHtmlCache Behavior [ RunTime:0.001446s ]
INFO: [ app_begin ] --END-- [ RunTime:0.001622s ]
NOTIC: [2] Cannot use a scalar value as an array D:\wwwroot\weilgot8081\wwwroot\Lib\Core\Action.class.php 第 206 行.
INFO: [ view_template ] --START--
INFO: Run LocationTemplate Behavior [ RunTime:-0.004769s ]
INFO: [ view_template ] --END-- [ RunTime:0.001550s ]
INFO: [ view_parse ] --START--
NOTIC: [8] Use of undefined constant uid - assumed 'uid' D:\wwwroot\weilgot8081\wwwroot\data\Conf\logs\Cache\Home\6fec05cdeb567bdd6f06e8ce37bfd4e0.php 第 60 行.
NOTIC: [8] Undefined index:  uid D:\wwwroot\weilgot8081\wwwroot\data\Conf\logs\Cache\Home\6fec05cdeb567bdd6f06e8ce37bfd4e0.php 第 60 行.
INFO: Run ParseTemplate Behavior [ RunTime:-0.006417s ]
INFO: [ view_parse ] --END-- [ RunTime:0.028804s ]
INFO: [ view_filter ] --START--
INFO: Run ContentReplace Behavior [ RunTime:-0.035306s ]
INFO: Run TokenBuild Behavior [ RunTime:-0.036470s ]
INFO: Run WriteHtmlCache Behavior [ RunTime:-0.037647s ]
INFO: Run ShowRuntime Behavior [ RunTime:-0.038528s ]
INFO: [ view_filter ] --END-- [ RunTime:0.004465s ]
INFO: [ view_end ] --START--
INFO: Run ShowPageTrace Behavior [ RunTime:-0.039905s ]
INFO: [ view_end ] --END-- [ RunTime:0.001448s ]

[ 2013-12-08T20:15:23+08:00 ] 125.88.77.2 /index.php
INFO: [ app_begin ] --START--
INFO: Run ReadHtmlCache Behavior [ RunTime:0.001494s ]
INFO: [ app_begin ] --END-- [ RunTime:0.001693s ]
NOTIC: [2] Cannot use a scalar value as an array D:\wwwroot\weilgot8081\wwwroot\Lib\Core\Action.class.php 第 206 行.
INFO: [ view_template ] --START--
INFO: Run LocationTemplate Behavior [ RunTime:-0.006067s ]
INFO: [ view_template ] --END-- [ RunTime:0.001565s ]
INFO: [ view_parse ] --START--
NOTIC: [8] Use of undefined constant uid - assumed 'uid' D:\wwwroot\weilgot8081\wwwroot\data\Conf\logs\Cache\Home\6fec05cdeb567bdd6f06e8ce37bfd4e0.php 第 86 行.
NOTIC: [8] Undefined index:  uid D:\wwwroot\weilgot8081\wwwroot\data\Conf\logs\Cache\Home\6fec05cdeb567bdd6f06e8ce37bfd4e0.php 第 86 行.
INFO: Run ParseTemplate Behavior [ RunTime:-0.007738s ]
INFO: [ view_parse ] --END-- [ RunTime:0.037097s ]
INFO: [ view_filter ] --START--
INFO: Run ContentReplace Behavior [ RunTime:-0.044919s ]
INFO: Run TokenBuild Behavior [ RunTime:-0.046193s ]
INFO: Run WriteHtmlCache Behavior [ RunTime:-0.047784s ]
INFO: Run ShowRuntime Behavior [ RunTime:-0.048745s ]
INFO: [ view_filter ] --END-- [ RunTime:0.005142s ]
INFO: [ view_end ] --START--
INFO: Run ShowPageTrace Behavior [ RunTime:-0.050199s ]
INFO: [ view_end ] --END-- [ RunTime:0.001483s ]

[ 2013-12-08T20:17:44+08:00 ] 125.88.77.2 /index.php?g=Home&m=Index&a=fc
INFO: [ app_begin ] --START--
INFO: Run ReadHtmlCache Behavior [ RunTime:0.001424s ]
INFO: [ app_begin ] --END-- [ RunTime:0.001596s ]
NOTIC: [2] Cannot use a scalar value as an array D:\wwwroot\weilgot8081\wwwroot\Lib\Core\Action.class.php 第 206 行.
INFO: [ view_template ] --START--
INFO: Run LocationTemplate Behavior [ RunTime:-0.006010s ]
INFO: [ view_template ] --END-- [ RunTime:0.002175s ]
INFO: [ view_parse ] --START--
NOTIC: [8] Use of undefined constant uid - assumed 'uid' D:\wwwroot\weilgot8081\wwwroot\data\Conf\logs\Cache\Home\b719357359ce6769d919ad560d3bd861.php 第 86 行.
NOTIC: [8] Undefined index:  uid D:\wwwroot\weilgot8081\wwwroot\data\Conf\logs\Cache\Home\b719357359ce6769d919ad560d3bd861.php 第 86 行.
INFO: Run ParseTemplate Behavior [ RunTime:-0.008080s ]
INFO: [ view_parse ] --END-- [ RunTime:0.028869s ]
INFO: [ view_filter ] --START--
INFO: Run ContentReplace Behavior [ RunTime:-0.037046s ]
INFO: Run TokenBuild Behavior [ RunTime:-0.038249s ]
INFO: Run WriteHtmlCache Behavior [ RunTime:-0.039400s ]
INFO: Run ShowRuntime Behavior [ RunTime:-0.040274s ]
INFO: [ view_filter ] --END-- [ RunTime:0.004522s ]
INFO: [ view_end ] --START--
INFO: Run ShowPageTrace Behavior [ RunTime:-0.041705s ]
INFO: [ view_end ] --END-- [ RunTime:0.001406s ]

